<?xml version="1.0" encoding="UTF-8"?>
<!-- Generated by org.testng.reporters.JUnitXMLReporter -->
<testsuite hostname="DESKTOP-4G9K0JT" ignored="0" name="Cucumber Test" tests="1" failures="1" timestamp="2023-08-07T07:55:22 IST" time="48.997" errors="0">
  <testcase name="feature" time="48.325" classname="com.sgtesting.Actitime.testsuite.DriverScript">
    <failure type="cucumber.runtime.CucumberException" message="java.lang.AssertionError: expected [actiTIME - User List] but found [actiTIME - Login]">
      <![CDATA[cucumber.runtime.CucumberException: java.lang.AssertionError: expected [actiTIME - User List] but found [actiTIME - Login]
at cucumber.api.testng.TestNGCucumberRunner.runCucumber(TestNGCucumberRunner.java:69)
at com.sgtesting.Actitime.testsuite.DriverScript.feature(DriverScript.java:34)
at java.util.ArrayList.forEach(ArrayList.java:1259)
Caused by: java.lang.AssertionError: expected [actiTIME - User List] but found [actiTIME - Login]
at com.sgtesting.Actitime.stepdefinitions.StepDefinitions.I_find_the_login_Page(StepDefinitions.java:334)
at âœ½.Then I find the login Page(LoginLogout.feature:34)
... Removed 33 stack frames]]>
    </failure>
  </testcase> <!-- feature -->
</testsuite> <!-- Cucumber Test -->
